# JRE version: OpenJDK Runtime Environment (11.0.10) (build 11.0.10+0-b96-7249189)
# Java VM: OpenJDK 64-Bit Server VM (11.0.10+0-b96-7249189, mixed mode, tiered, compressed oops, g1 gc, windows-amd64)
Heap:
 garbage-first heap   total 522240K, used 298846K [0x0000000080000000, 0x0000000100000000)
  region size 1024K, 200 young (204800K), 19 survivors (19456K)
 Metaspace       used 124225K, capacity 127940K, committed 127984K, reserved 1161216K
  class space    used 15538K, capacity 16879K, committed 16896K, reserved 1048576K
GC Heap History (20 events):
Event: 3.201 GC heap before
{Heap before GC invocations=4 (full 0):
 garbage-first heap   total 522240K, used 120239K [0x0000000080000000, 0x0000000100000000)
  region size 1024K, 93 young (95232K), 2 survivors (2048K)
 Metaspace       used 34817K, capacity 35721K, committed 35840K, reserved 1081344K
  class space    used 4562K, capacity 4898K, committed 4992K, reserved 1048576K
}
Event: 3.209 GC heap after
{Heap after GC invocations=5 (full 0):
 garbage-first heap   total 522240K, used 34498K [0x0000000080000000, 0x0000000100000000)
  region size 1024K, 8 young (8192K), 8 survivors (8192K)
 Metaspace       used 34817K, capacity 35721K, committed 35840K, reserved 1081344K
  class space    used 4562K, capacity 4898K, committed 4992K, reserved 1048576K
}
Event: 5.971 GC heap before
{Heap before GC invocations=6 (full 0):
 garbage-first heap   total 522240K, used 164546K [0x0000000080000000, 0x0000000100000000)
  region size 1024K, 128 young (131072K), 8 survivors (8192K)
 Metaspace       used 44865K, capacity 45960K, committed 46080K, reserved 1089536K
  class space    used 5874K, capacity 6288K, committed 6400K, reserved 1048576K
}
Event: 5.979 GC heap after
{Heap after GC invocations=7 (full 0):
 garbage-first heap   total 522240K, used 47843K [0x0000000080000000, 0x0000000100000000)
  region size 1024K, 16 young (16384K), 16 survivors (16384K)
 Metaspace       used 44865K, capacity 45960K, committed 46080K, reserved 1089536K
  class space    used 5874K, capacity 6288K, committed 6400K, reserved 1048576K
}
Event: 8.817 GC heap before
{Heap before GC invocations=7 (full 0):
 garbage-first heap   total 522240K, used 233187K [0x0000000080000000, 0x0000000100000000)
  region size 1024K, 194 young (198656K), 16 survivors (16384K)
 Metaspace       used 52127K, capacity 53636K, committed 53888K, reserved 1095680K
  class space    used 6681K, capacity 7211K, committed 7296K, reserved 1048576K
}
Event: 8.828 GC heap after
{Heap after GC invocations=8 (full 0):
 garbage-first heap   total 522240K, used 58852K [0x0000000080000000, 0x0000000100000000)
  region size 1024K, 16 young (16384K), 16 survivors (16384K)
 Metaspace       used 52127K, capacity 53636K, committed 53888K, reserved 1095680K
  class space    used 6681K, capacity 7211K, committed 7296K, reserved 1048576K
}
Event: 14.137 GC heap before
{Heap before GC invocations=8 (full 0):
 garbage-first heap   total 522240K, used 170468K [0x0000000080000000, 0x0000000100000000)
  region size 1024K, 123 young (125952K), 16 survivors (16384K)
 Metaspace       used 58141K, capacity 60031K, committed 60160K, reserved 1101824K
  class space    used 7480K, capacity 8117K, committed 8192K, reserved 1048576K
}
Event: 14.152 GC heap after
{Heap after GC invocations=9 (full 0):
 garbage-first heap   total 522240K, used 71445K [0x0000000080000000, 0x0000000100000000)
  region size 1024K, 25 young (25600K), 25 survivors (25600K)
 Metaspace       used 58141K, capacity 60031K, committed 60160K, reserved 1101824K
  class space    used 7480K, capacity 8117K, committed 8192K, reserved 1048576K
}
Event: 16.776 GC heap before
{Heap before GC invocations=10 (full 0):
 garbage-first heap   total 522240K, used 360213K [0x0000000080000000, 0x0000000100000000)
  region size 1024K, 306 young (313344K), 25 survivors (25600K)
 Metaspace       used 85423K, capacity 88005K, committed 88064K, reserved 1126400K
  class space    used 11126K, capacity 11982K, committed 12032K, reserved 1048576K
}
Event: 16.796 GC heap after
{Heap after GC invocations=11 (full 0):
 garbage-first heap   total 522240K, used 88853K [0x0000000080000000, 0x0000000100000000)
  region size 1024K, 35 young (35840K), 35 survivors (35840K)
 Metaspace       used 85423K, capacity 88005K, committed 88064K, reserved 1126400K
  class space    used 11126K, capacity 11982K, committed 12032K, reserved 1048576K
}
Event: 21.951 GC heap before
{Heap before GC invocations=11 (full 0):
 garbage-first heap   total 522240K, used 208661K [0x0000000080000000, 0x0000000100000000)
  region size 1024K, 154 young (157696K), 35 survivors (35840K)
 Metaspace       used 97772K, capacity 100641K, committed 100696K, reserved 1136640K
  class space    used 12592K, capacity 13568K, committed 13568K, reserved 1048576K
}
Event: 21.973 GC heap after
{Heap after GC invocations=12 (full 0):
 garbage-first heap   total 522240K, used 97122K [0x0000000080000000, 0x0000000100000000)
  region size 1024K, 26 young (26624K), 26 survivors (26624K)
 Metaspace       used 97772K, capacity 100641K, committed 100696K, reserved 1136640K
  class space    used 12592K, capacity 13568K, committed 13568K, reserved 1048576K
}
Event: 28.494 GC heap before
{Heap before GC invocations=13 (full 0):
 garbage-first heap   total 522240K, used 383842K [0x0000000080000000, 0x0000000100000000)
  region size 1024K, 307 young (314368K), 26 survivors (26624K)
 Metaspace       used 100726K, capacity 103862K, committed 104176K, reserved 1138688K
  class space    used 12936K, capacity 14018K, committed 14080K, reserved 1048576K
}
Event: 28.520 GC heap after
{Heap after GC invocations=14 (full 0):
 garbage-first heap   total 522240K, used 102292K [0x0000000080000000, 0x0000000100000000)
  region size 1024K, 14 young (14336K), 14 survivors (14336K)
 Metaspace       used 100726K, capacity 103862K, committed 104176K, reserved 1138688K
  class space    used 12936K, capacity 14018K, committed 14080K, reserved 1048576K
}
Event: 29.957 GC heap before
{Heap before GC invocations=15 (full 0):
 garbage-first heap   total 522240K, used 403348K [0x0000000080000000, 0x0000000100000000)
  region size 1024K, 306 young (313344K), 14 survivors (14336K)
 Metaspace       used 101882K, capacity 104841K, committed 105328K, reserved 1140736K
  class space    used 12996K, capacity 14040K, committed 14208K, reserved 1048576K
}
Event: 29.965 GC heap after
{Heap after GC invocations=16 (full 0):
 garbage-first heap   total 522240K, used 106809K [0x0000000080000000, 0x0000000100000000)
  region size 1024K, 16 young (16384K), 16 survivors (16384K)
 Metaspace       used 101882K, capacity 104841K, committed 105328K, reserved 1140736K
  class space    used 12996K, capacity 14040K, committed 14208K, reserved 1048576K
}
Event: 1140.177 GC heap before
{Heap before GC invocations=16 (full 0):
 garbage-first heap   total 522240K, used 402745K [0x0000000080000000, 0x0000000100000000)
  region size 1024K, 306 young (313344K), 16 survivors (16384K)
 Metaspace       used 113494K, capacity 117005K, committed 117232K, reserved 1150976K
  class space    used 14476K, capacity 15746K, committed 15872K, reserved 1048576K
}
Event: 1140.190 GC heap after
{Heap after GC invocations=17 (full 0):
 garbage-first heap   total 522240K, used 111596K [0x0000000080000000, 0x0000000100000000)
  region size 1024K, 23 young (23552K), 23 survivors (23552K)
 Metaspace       used 113494K, capacity 117005K, committed 117232K, reserved 1150976K
  class space    used 14476K, capacity 15746K, committed 15872K, reserved 1048576K
}
Event: 1145.228 GC heap before
{Heap before GC invocations=17 (full 0):
 garbage-first heap   total 522240K, used 441324K [0x0000000080000000, 0x0000000100000000)
  region size 1024K, 306 young (313344K), 23 survivors (23552K)
 Metaspace       used 121120K, capacity 124722K, committed 124784K, reserved 1157120K
  class space    used 15178K, capacity 16484K, committed 16512K, reserved 1048576K
}
Event: 1145.241 GC heap after
{Heap after GC invocations=18 (full 0):
 garbage-first heap   total 522240K, used 113502K [0x0000000080000000, 0x0000000100000000)
  region size 1024K, 19 young (19456K), 19 survivors (19456K)
 Metaspace       used 121120K, capacity 124722K, committed 124784K, reserved 1157120K
  class space    used 15178K, capacity 16484K, committed 16512K, reserved 1048576K
}

